<?xml version="1.0" encoding="UTF-8"?>
<testng-results ignored="0" total="3" passed="3" failed="0" skipped="0">
  <reporter-output>
  </reporter-output>
  <suite started-at="2020-08-25T11:05:08Z" name="Default suite" finished-at="2020-08-25T11:05:55Z" duration-ms="46448">
    <groups>
      <group name="regression">
        <method signature="HomeTest.Test1()[pri:1, instance:com.TestPackage.HomeTest@2b6856dd]" name="Test1" class="com.TestPackage.HomeTest"/>
        <method signature="HomeTest.Test2()[pri:2, instance:com.TestPackage.HomeTest@2b6856dd]" name="Test2" class="com.TestPackage.HomeTest"/>
        <method signature="HomeTest.Test3()[pri:3, instance:com.TestPackage.HomeTest@2b6856dd]" name="Test3" class="com.TestPackage.HomeTest"/>
      </group> <!-- regression -->
      <group name="smoke">
        <method signature="HomeTest.Test1()[pri:1, instance:com.TestPackage.HomeTest@2b6856dd]" name="Test1" class="com.TestPackage.HomeTest"/>
        <method signature="HomeTest.Test2()[pri:2, instance:com.TestPackage.HomeTest@2b6856dd]" name="Test2" class="com.TestPackage.HomeTest"/>
        <method signature="HomeTest.Test3()[pri:3, instance:com.TestPackage.HomeTest@2b6856dd]" name="Test3" class="com.TestPackage.HomeTest"/>
      </group> <!-- smoke -->
    </groups>
    <test started-at="2020-08-25T11:05:08Z" name="Default test" finished-at="2020-08-25T11:05:55Z" duration-ms="46448">
      <class name="com.TestPackage.HomeTest">
        <test-method is-config="true" signature="beforeMethod(java.lang.String)[pri:0, instance:com.TestPackage.HomeTest@2b6856dd]" started-at="2020-08-25T16:35:08Z" name="beforeMethod" finished-at="2020-08-25T16:35:19Z" duration-ms="10371" status="PASS">
          <params>
            <param index="0">
              <value>
                <![CDATA[name]]>
              </value>
            </param>
          </params>
          <reporter-output>
          </reporter-output>
        </test-method> <!-- beforeMethod -->
        <test-method signature="Test1()[pri:1, instance:com.TestPackage.HomeTest@2b6856dd]" started-at="2020-08-25T16:35:19Z" name="Test1" finished-at="2020-08-25T16:35:22Z" duration-ms="3531" status="PASS">
          <reporter-output>
          </reporter-output>
        </test-method> <!-- Test1 -->
        <test-method signature="Test2()[pri:2, instance:com.TestPackage.HomeTest@2b6856dd]" started-at="2020-08-25T16:35:22Z" name="Test2" finished-at="2020-08-25T16:35:37Z" duration-ms="15225" status="PASS">
          <reporter-output>
          </reporter-output>
        </test-method> <!-- Test2 -->
        <test-method signature="Test3()[pri:3, instance:com.TestPackage.HomeTest@2b6856dd]" started-at="2020-08-25T16:35:37Z" name="Test3" finished-at="2020-08-25T16:35:50Z" duration-ms="12908" status="PASS">
          <reporter-output>
          </reporter-output>
        </test-method> <!-- Test3 -->
        <test-method is-config="true" signature="close()[pri:0, instance:com.TestPackage.HomeTest@2b6856dd]" started-at="2020-08-25T16:35:50Z" name="close" finished-at="2020-08-25T16:35:55Z" duration-ms="4382" status="PASS">
          <reporter-output>
          </reporter-output>
        </test-method> <!-- close -->
      </class> <!-- com.TestPackage.HomeTest -->
    </test> <!-- Default test -->
  </suite> <!-- Default suite -->
</testng-results>
