<?xml version="1.0" encoding="UTF-8"?>
<!-- Generated by org.testng.reporters.JUnitXMLReporter -->
<testsuite hostname="Ramyakeshs-MacBook-Pro.local" ignored="0" name="policy bazar test cases" tests="3" failures="0" timestamp="13 Aug 2020 06:26:28 GMT" time="40.739" errors="0">
  <testcase name="Test1" time="2.424" classname="TestPackage.HomeTest"/>
  <testcase name="Test2" time="14.462" classname="TestPackage.HomeTest"/>
  <testcase name="Test3" time="12.43" classname="TestPackage.HomeTest"/>
</testsuite> <!-- policy bazar test cases -->
