<?xml version="1.0" encoding="UTF-8"?>
<!-- Generated by org.testng.reporters.JUnitXMLReporter -->
<testsuite ignored="0" hostname="LAPTOP-V4UF6TT6" failures="0" tests="3" name="Default test" time="46.448" errors="0" timestamp="25 Aug 2020 11:05:55 GMT">
  <testcase classname="com.TestPackage.HomeTest" name="Test1" time="3.531"/>
  <testcase classname="com.TestPackage.HomeTest" name="Test2" time="15.225"/>
  <testcase classname="com.TestPackage.HomeTest" name="Test3" time="12.908"/>
</testsuite> <!-- Default test -->
